[2025-06-06T04:39:40.662Z] INFO: Creating browser instance 
[2025-06-06T04:39:40.674Z] INFO: PDF Generator API started on port 3000 
[2025-06-06T04:39:50.556Z] INFO: PDF generated {"totalTime":"174ms","pdfSize":"255KB"}
[2025-06-06T04:39:50.556Z] INFO: Sample PDF generated successfully {"generationTime":"175ms","pdfSize":"255KB"}
[2025-06-06T04:40:10.671Z] INFO: Browser pool status {"size":1,"available":1,"borrowed":0,"pending":0}
[2025-06-06T04:40:20.682Z] INFO: Creating browser instance 
[2025-06-06T04:40:20.798Z] INFO: Browser closed 
[2025-06-06T04:40:40.672Z] INFO: Browser pool status {"size":1,"available":1,"borrowed":0,"pending":0}
[2025-06-06T04:41:00.693Z] INFO: Creating browser instance 
[2025-06-06T04:41:00.716Z] INFO: Browser closed 
[2025-06-06T04:41:10.673Z] INFO: Browser pool status {"size":1,"available":1,"borrowed":0,"pending":0}
[2025-06-06T04:41:40.675Z] INFO: Browser pool status {"size":1,"available":1,"borrowed":0,"pending":0}
[2025-06-06T04:41:40.702Z] INFO: Creating browser instance 
[2025-06-06T04:41:40.722Z] INFO: Browser closed 
[2025-06-06T04:42:10.676Z] INFO: Browser pool status {"size":1,"available":1,"borrowed":0,"pending":0}
[2025-06-06T04:42:20.709Z] INFO: Creating browser instance 
[2025-06-06T04:42:20.730Z] INFO: Browser closed 
[2025-06-06T04:42:40.677Z] INFO: Browser pool status {"size":1,"available":1,"borrowed":0,"pending":0}
[2025-06-06T04:42:43.041Z] ERROR: PDF generation failed {"error":"htmlContent is not defined","timeToError":"0ms","stack":"ReferenceError: htmlContent is not defined\n    at /Users/tanishgupta/Desktop/htmlTOpdf/server.js:833:19\n    at Layer.handle [as handle_request] (/Users/tanishgupta/Desktop/htmlTOpdf/node_modules/express/lib/router/layer.js:95:5)\n    at next (/Users/tanishgupta/Desktop/htmlTOpdf/node_modules/express/lib/router/route.js:149:13)\n    at Route.dispatch (/Users/tanishgupta/Desktop/htmlTOpdf/node_modules/express/lib/router/route.js:119:3)\n    at Layer.handle [as handle_request] (/Users/tanishgupta/Desktop/htmlTOpdf/node_modules/express/lib/router/layer.js:95:5)\n    at /Users/tanishgupta/Desktop/htmlTOpdf/node_modules/express/lib/router/index.js:284:15\n    at Function.process_params (/Users/tanishgupta/Desktop/htmlTOpdf/node_modules/express/lib/router/index.js:346:12)\n    at next (/Users/tanishgupta/Desktop/htmlTOpdf/node_modules/express/lib/router/index.js:280:10)\n    at /Users/tanishgupta/Desktop/htmlTOpdf/server.js:37:3\n    at Layer.handle [as handle_request] (/Users/tanishgupta/Desktop/htmlTOpdf/node_modules/express/lib/router/layer.js:95:5)"}
[2025-06-06T04:43:00.717Z] INFO: Creating browser instance 
[2025-06-06T04:43:00.738Z] INFO: Browser closed 
[2025-06-06T04:43:10.678Z] INFO: Browser pool status {"size":1,"available":1,"borrowed":0,"pending":0}
[2025-06-06T04:43:40.680Z] INFO: Browser pool status {"size":1,"available":1,"borrowed":0,"pending":0}
[2025-06-06T04:43:40.726Z] INFO: Creating browser instance 
[2025-06-06T04:43:40.750Z] INFO: Browser closed 
[2025-06-06T04:44:10.680Z] INFO: Browser pool status {"size":1,"available":1,"borrowed":0,"pending":0}
[2025-06-06T04:44:20.732Z] INFO: Creating browser instance 
[2025-06-06T04:44:20.758Z] INFO: Browser closed 
[2025-06-06T04:44:40.682Z] INFO: Browser pool status {"size":1,"available":1,"borrowed":0,"pending":0}
[2025-06-06T04:45:00.750Z] INFO: Creating browser instance 
[2025-06-06T04:45:00.774Z] INFO: Browser closed 
[2025-06-06T04:45:10.682Z] INFO: Browser pool status {"size":1,"available":1,"borrowed":0,"pending":0}
[2025-06-06T04:45:22.254Z] INFO: Received SIGINT, shutting down gracefully... 
[2025-06-06T04:45:35.435Z] INFO: Creating browser instance 
[2025-06-06T04:45:35.443Z] INFO: PDF Generator API started on port 3000 
[2025-06-06T04:45:45.240Z] INFO: PDF generated {"totalTime":"117ms","pdfSize":"26KB"}
[2025-06-06T04:45:45.240Z] INFO: PDF generated successfully {"requestStartTime":"2025-06-06T05:00:00Z","requestEndTime":"2025-06-06T05:00:03Z","pdfGenerationTime":"3000ms","modId":"MOD123","source":"webapp","htmlSnippet":"<html><body><h1>Test PDF</h1><p>This is a test</p></body></html>"}
[2025-06-06T04:46:05.451Z] INFO: Browser pool status {"size":1,"available":1,"borrowed":0,"pending":0}
[2025-06-06T04:46:13.923Z] ERROR: Unhandled error {"error":"Bad control character in string literal in JSON at position 28 (line 2 column 27)","stack":"SyntaxError: Bad control character in string literal in JSON at position 28 (line 2 column 27)\n    at JSON.parse (<anonymous>)\n    at parse (/Users/tanishgupta/Desktop/htmlTOpdf/node_modules/body-parser/lib/types/json.js:92:19)\n    at /Users/tanishgupta/Desktop/htmlTOpdf/node_modules/body-parser/lib/read.js:128:18\n    at AsyncResource.runInAsyncScope (node:async_hooks:211:14)\n    at invokeCallback (/Users/tanishgupta/Desktop/htmlTOpdf/node_modules/raw-body/index.js:238:16)\n    at done (/Users/tanishgupta/Desktop/htmlTOpdf/node_modules/raw-body/index.js:227:7)\n    at IncomingMessage.onEnd (/Users/tanishgupta/Desktop/htmlTOpdf/node_modules/raw-body/index.js:287:7)\n    at IncomingMessage.emit (node:events:507:28)\n    at endReadableNT (node:internal/streams/readable:1696:12)\n    at process.processTicksAndRejections (node:internal/process/task_queues:90:21)"}
[2025-06-06T04:46:15.460Z] INFO: Creating browser instance 
[2025-06-06T04:46:15.487Z] INFO: Browser closed 
[2025-06-06T04:46:35.457Z] INFO: Browser pool status {"size":1,"available":1,"borrowed":0,"pending":0}
[2025-06-06T04:46:55.471Z] INFO: Creating browser instance 
[2025-06-06T04:46:55.497Z] INFO: Browser closed 
[2025-06-06T04:47:05.459Z] INFO: Browser pool status {"size":1,"available":1,"borrowed":0,"pending":0}
[2025-06-06T04:47:35.461Z] INFO: Browser pool status {"size":1,"available":1,"borrowed":0,"pending":0}
[2025-06-06T04:47:35.478Z] INFO: Creating browser instance 
[2025-06-06T04:47:35.500Z] INFO: Browser closed 
[2025-06-06T04:48:05.463Z] INFO: Browser pool status {"size":1,"available":1,"borrowed":0,"pending":0}
[2025-06-06T04:48:15.488Z] INFO: Creating browser instance 
[2025-06-06T04:48:15.510Z] INFO: Browser closed 
[2025-06-06T04:48:35.466Z] INFO: Browser pool status {"size":1,"available":1,"borrowed":0,"pending":0}
[2025-06-06T04:48:55.497Z] INFO: Creating browser instance 
[2025-06-06T04:48:55.523Z] INFO: Browser closed 
[2025-06-06T04:49:05.466Z] INFO: Browser pool status {"size":1,"available":1,"borrowed":0,"pending":0}
[2025-06-06T04:49:35.467Z] INFO: Browser pool status {"size":1,"available":1,"borrowed":0,"pending":0}
[2025-06-06T04:49:35.504Z] INFO: Creating browser instance 
[2025-06-06T04:49:35.526Z] INFO: Browser closed 
[2025-06-06T04:50:05.469Z] INFO: Browser pool status {"size":1,"available":1,"borrowed":0,"pending":0}
[2025-06-06T04:50:15.512Z] INFO: Creating browser instance 
[2025-06-06T04:50:15.539Z] INFO: Browser closed 
[2025-06-06T04:50:35.470Z] INFO: Browser pool status {"size":1,"available":1,"borrowed":0,"pending":0}
[2025-06-06T04:50:55.519Z] INFO: Creating browser instance 
[2025-06-06T04:50:55.545Z] INFO: Browser closed 
[2025-06-06T04:51:05.472Z] INFO: Browser pool status {"size":1,"available":1,"borrowed":0,"pending":0}
[2025-06-06T04:51:35.473Z] INFO: Browser pool status {"size":1,"available":1,"borrowed":0,"pending":0}
[2025-06-06T04:51:35.526Z] INFO: Creating browser instance 
[2025-06-06T04:51:35.553Z] INFO: Browser closed 
[2025-06-06T04:52:05.475Z] INFO: Browser pool status {"size":1,"available":1,"borrowed":0,"pending":0}
[2025-06-06T04:52:15.534Z] INFO: Creating browser instance 
[2025-06-06T04:52:15.561Z] INFO: Browser closed 
[2025-06-06T04:52:35.476Z] INFO: Browser pool status {"size":1,"available":1,"borrowed":0,"pending":0}
[2025-06-06T04:52:55.543Z] INFO: Creating browser instance 
[2025-06-06T04:52:55.566Z] INFO: Browser closed 
[2025-06-06T04:53:05.478Z] INFO: Browser pool status {"size":1,"available":1,"borrowed":0,"pending":0}
[2025-06-06T04:53:35.479Z] INFO: Browser pool status {"size":1,"available":1,"borrowed":0,"pending":0}
[2025-06-06T04:53:35.567Z] INFO: Creating browser instance 
[2025-06-06T04:53:35.708Z] INFO: Browser closed 
[2025-06-06T04:54:05.480Z] INFO: Browser pool status {"size":1,"available":1,"borrowed":0,"pending":0}
[2025-06-06T04:54:15.576Z] INFO: Creating browser instance 
[2025-06-06T04:54:15.601Z] INFO: Browser closed 
[2025-06-06T04:54:35.480Z] INFO: Browser pool status {"size":1,"available":1,"borrowed":0,"pending":0}
[2025-06-06T04:54:55.587Z] INFO: Creating browser instance 
[2025-06-06T04:54:55.604Z] INFO: Browser closed 
[2025-06-06T04:55:05.482Z] INFO: Browser pool status {"size":1,"available":1,"borrowed":0,"pending":0}
[2025-06-06T04:55:35.483Z] INFO: Browser pool status {"size":1,"available":1,"borrowed":0,"pending":0}
[2025-06-06T04:55:35.595Z] INFO: Creating browser instance 
[2025-06-06T04:55:35.612Z] INFO: Browser closed 
[2025-06-06T04:55:51.223Z] ERROR: Unhandled error {"error":"Expected ',' or '}' after property value in JSON at position 55 (line 2 column 54)","stack":"SyntaxError: Expected ',' or '}' after property value in JSON at position 55 (line 2 column 54)\n    at JSON.parse (<anonymous>)\n    at parse (/Users/tanishgupta/Desktop/htmlTOpdf/node_modules/body-parser/lib/types/json.js:92:19)\n    at /Users/tanishgupta/Desktop/htmlTOpdf/node_modules/body-parser/lib/read.js:128:18\n    at AsyncResource.runInAsyncScope (node:async_hooks:211:14)\n    at invokeCallback (/Users/tanishgupta/Desktop/htmlTOpdf/node_modules/raw-body/index.js:238:16)\n    at done (/Users/tanishgupta/Desktop/htmlTOpdf/node_modules/raw-body/index.js:227:7)\n    at IncomingMessage.onEnd (/Users/tanishgupta/Desktop/htmlTOpdf/node_modules/raw-body/index.js:287:7)\n    at IncomingMessage.emit (node:events:507:28)\n    at endReadableNT (node:internal/streams/readable:1696:12)\n    at process.processTicksAndRejections (node:internal/process/task_queues:90:21)"}
[2025-06-06T04:56:05.484Z] INFO: Browser pool status {"size":1,"available":1,"borrowed":0,"pending":0}
[2025-06-06T04:56:15.601Z] INFO: Creating browser instance 
[2025-06-06T04:56:15.627Z] INFO: Browser closed 
[2025-06-06T04:56:18.405Z] ERROR: Unhandled error {"error":"Expected ',' or '}' after property value in JSON at position 55 (line 2 column 54)","stack":"SyntaxError: Expected ',' or '}' after property value in JSON at position 55 (line 2 column 54)\n    at JSON.parse (<anonymous>)\n    at parse (/Users/tanishgupta/Desktop/htmlTOpdf/node_modules/body-parser/lib/types/json.js:92:19)\n    at /Users/tanishgupta/Desktop/htmlTOpdf/node_modules/body-parser/lib/read.js:128:18\n    at AsyncResource.runInAsyncScope (node:async_hooks:211:14)\n    at invokeCallback (/Users/tanishgupta/Desktop/htmlTOpdf/node_modules/raw-body/index.js:238:16)\n    at done (/Users/tanishgupta/Desktop/htmlTOpdf/node_modules/raw-body/index.js:227:7)\n    at IncomingMessage.onEnd (/Users/tanishgupta/Desktop/htmlTOpdf/node_modules/raw-body/index.js:287:7)\n    at IncomingMessage.emit (node:events:507:28)\n    at endReadableNT (node:internal/streams/readable:1696:12)\n    at process.processTicksAndRejections (node:internal/process/task_queues:90:21)"}
[2025-06-06T04:56:35.487Z] INFO: Browser pool status {"size":1,"available":1,"borrowed":0,"pending":0}
[2025-06-06T04:56:55.611Z] INFO: Creating browser instance 
[2025-06-06T04:56:55.639Z] INFO: Browser closed 
[2025-06-06T04:57:05.489Z] INFO: Browser pool status {"size":1,"available":1,"borrowed":0,"pending":0}
[2025-06-06T04:57:35.492Z] INFO: Browser pool status {"size":1,"available":1,"borrowed":0,"pending":0}
[2025-06-06T04:57:35.629Z] INFO: Creating browser instance 
[2025-06-06T04:57:35.773Z] INFO: Browser closed 
[2025-06-06T04:58:05.492Z] INFO: Browser pool status {"size":1,"available":1,"borrowed":0,"pending":0}
[2025-06-06T04:58:12.462Z] INFO: Received SIGINT, shutting down gracefully... 
[2025-06-06T04:58:14.608Z] INFO: Creating browser instance 
[2025-06-06T04:58:14.618Z] INFO: PDF Generator API started on port 3000 
[2025-06-06T04:58:17.218Z] ERROR: Unhandled error {"error":"Unexpected token ',', ...\"  \"html\": ,\n  \"data\"\"... is not valid JSON","stack":"SyntaxError: Unexpected token ',', ...\"  \"html\": ,\n  \"data\"\"... is not valid JSON\n    at JSON.parse (<anonymous>)\n    at parse (/Users/tanishgupta/Desktop/htmlTOpdf/node_modules/body-parser/lib/types/json.js:92:19)\n    at /Users/tanishgupta/Desktop/htmlTOpdf/node_modules/body-parser/lib/read.js:128:18\n    at AsyncResource.runInAsyncScope (node:async_hooks:211:14)\n    at invokeCallback (/Users/tanishgupta/Desktop/htmlTOpdf/node_modules/raw-body/index.js:238:16)\n    at done (/Users/tanishgupta/Desktop/htmlTOpdf/node_modules/raw-body/index.js:227:7)\n    at IncomingMessage.onEnd (/Users/tanishgupta/Desktop/htmlTOpdf/node_modules/raw-body/index.js:287:7)\n    at IncomingMessage.emit (node:events:507:28)\n    at endReadableNT (node:internal/streams/readable:1696:12)\n    at process.processTicksAndRejections (node:internal/process/task_queues:90:21)"}
[2025-06-06T04:58:21.786Z] ERROR: PDF generation failed {"error":"HTML content is missing","timeToError":"0ms"}
[2025-06-06T04:58:43.193Z] INFO: PDF generated {"totalTime":"146ms","pdfSize":"33KB"}
[2025-06-06T04:58:43.193Z] INFO: PDF generated successfully {"requestStartTime":"2025-06-06T05:00:00Z","requestEndTime":"2025-06-06T05:00:03Z","pdfGenerationTime":"3000ms","modId":"MOD123","source":"webapp","htmlSnippet":"<!DOCTYPE html>\n<html>\n<head>\n  <title>Test</title>\n</head>\n<body>\n  <h1>Hello, PDF!</h1>\n  <p>This "}
[2025-06-06T04:58:44.616Z] INFO: Browser pool status {"size":1,"available":1,"borrowed":0,"pending":0}
[2025-06-06T04:59:12.538Z] INFO: PDF generated {"totalTime":"79ms","pdfSize":"33KB"}
[2025-06-06T04:59:12.538Z] INFO: PDF generated successfully {"requestStartTime":"2025-06-06T05:00:00Z","requestEndTime":"2025-06-06T05:00:03Z","pdfGenerationTime":"100ms","modId":"MOD123","source":"webapp","htmlSnippet":"<!DOCTYPE html>\n<html>\n<head>\n  <title>Test</title>\n</head>\n<body>\n  <h1>Hello, PDF!</h1>\n  <p>This "}
[2025-06-06T04:59:14.617Z] INFO: Browser pool status {"size":1,"available":1,"borrowed":0,"pending":0}
[2025-06-06T04:59:44.618Z] INFO: Browser pool status {"size":1,"available":1,"borrowed":0,"pending":0}
[2025-06-06T04:59:44.625Z] INFO: Creating browser instance 
[2025-06-06T04:59:44.657Z] INFO: Browser closed 
[2025-06-06T05:00:14.620Z] INFO: Browser pool status {"size":1,"available":1,"borrowed":0,"pending":0}
[2025-06-06T05:00:24.632Z] INFO: Creating browser instance 
[2025-06-06T05:00:24.658Z] INFO: Browser closed 
[2025-06-06T05:00:44.621Z] INFO: Browser pool status {"size":1,"available":1,"borrowed":0,"pending":0}
[2025-06-06T05:01:04.643Z] INFO: Creating browser instance 
[2025-06-06T05:01:04.670Z] INFO: Browser closed 
[2025-06-06T05:01:14.621Z] INFO: Browser pool status {"size":1,"available":1,"borrowed":0,"pending":0}
[2025-06-06T05:01:44.621Z] INFO: Browser pool status {"size":1,"available":1,"borrowed":0,"pending":0}
[2025-06-06T05:01:44.652Z] INFO: Creating browser instance 
[2025-06-06T05:01:44.680Z] INFO: Browser closed 
[2025-06-06T05:02:14.621Z] INFO: Browser pool status {"size":1,"available":1,"borrowed":0,"pending":0}
[2025-06-06T05:02:24.660Z] INFO: Creating browser instance 
[2025-06-06T05:02:24.672Z] INFO: Browser closed 
[2025-06-06T05:02:44.622Z] INFO: Browser pool status {"size":1,"available":1,"borrowed":0,"pending":0}
[2025-06-06T05:03:04.667Z] INFO: Creating browser instance 
[2025-06-06T05:03:04.691Z] INFO: Browser closed 
[2025-06-06T05:03:14.624Z] INFO: Browser pool status {"size":1,"available":1,"borrowed":0,"pending":0}
[2025-06-06T05:03:44.629Z] INFO: Browser pool status {"size":1,"available":1,"borrowed":0,"pending":0}
[2025-06-06T05:03:44.687Z] INFO: Creating browser instance 
[2025-06-06T05:03:44.710Z] INFO: Browser closed 
[2025-06-06T05:04:03.405Z] INFO: PDF generated {"totalTime":"122ms","pdfSize":"33KB"}
[2025-06-06T05:04:03.405Z] ERROR: PDF generation failed {"error":"requestEnd is not defined","timeToError":"122ms"}
[2025-06-06T05:04:14.626Z] INFO: Browser pool status {"size":1,"available":1,"borrowed":0,"pending":0}
[2025-06-06T05:04:34.699Z] INFO: Creating browser instance 
[2025-06-06T05:04:34.725Z] INFO: Browser closed 
[2025-06-06T05:04:44.627Z] INFO: Browser pool status {"size":1,"available":1,"borrowed":0,"pending":0}
[2025-06-06T05:04:45.143Z] INFO: PDF generated {"totalTime":"74ms","pdfSize":"33KB"}
[2025-06-06T05:04:45.143Z] INFO: PDF generated successfully {"requestStartTime":"2025-06-06T05:00:00Z","requestEndTime":"2025-06-06T05:00:03Z","pdfGenerationTime":"100ms","modId":"MOD123","source":"webapp","htmlSnippet":"<!DOCTYPE html>\n<html>\n<head>\n  <title>Test</title>\n</head>\n<body>\n  <h1>Hello, PDF!</h1>\n  <p>This "}
[2025-06-06T05:04:48.861Z] INFO: PDF generated {"totalTime":"78ms","pdfSize":"33KB"}
[2025-06-06T05:04:48.861Z] INFO: PDF generated successfully {"requestStartTime":"2025-06-06T05:00:00Z","requestEndTime":"2025-06-06T05:00:03Z","pdfGenerationTime":"100ms","modId":"MOD123","source":"webapp","htmlSnippet":"<!DOCTYPE html>\n<html>\n<head>\n  <title>Test</title>\n</head>\n<body>\n  <h1>Hello, PDF!</h1>\n  <p>This "}
[2025-06-06T05:05:14.628Z] INFO: Browser pool status {"size":1,"available":1,"borrowed":0,"pending":0}
[2025-06-06T05:05:24.710Z] INFO: Creating browser instance 
[2025-06-06T05:05:24.739Z] INFO: Browser closed 
[2025-06-06T05:05:44.630Z] INFO: Browser pool status {"size":1,"available":1,"borrowed":0,"pending":0}
[2025-06-06T05:06:04.721Z] INFO: Creating browser instance 
[2025-06-06T05:06:04.744Z] INFO: Browser closed 
[2025-06-06T05:06:14.630Z] INFO: Browser pool status {"size":1,"available":1,"borrowed":0,"pending":0}
[2025-06-06T05:06:44.631Z] INFO: Browser pool status {"size":1,"available":1,"borrowed":0,"pending":0}
[2025-06-06T05:06:44.728Z] INFO: Creating browser instance 
[2025-06-06T05:06:44.752Z] INFO: Browser closed 
[2025-06-06T05:07:14.633Z] INFO: Browser pool status {"size":1,"available":1,"borrowed":0,"pending":0}
[2025-06-06T05:07:24.737Z] INFO: Creating browser instance 
[2025-06-06T05:07:24.765Z] INFO: Browser closed 
[2025-06-06T05:07:44.634Z] INFO: Browser pool status {"size":1,"available":1,"borrowed":0,"pending":0}
[2025-06-06T05:08:04.745Z] INFO: Creating browser instance 
[2025-06-06T05:08:04.767Z] INFO: Browser closed 
[2025-06-06T05:08:14.636Z] INFO: Browser pool status {"size":1,"available":1,"borrowed":0,"pending":0}
[2025-06-06T05:08:44.637Z] INFO: Browser pool status {"size":1,"available":1,"borrowed":0,"pending":0}
[2025-06-06T05:08:44.750Z] INFO: Creating browser instance 
[2025-06-06T05:08:44.776Z] INFO: Browser closed 
[2025-06-06T05:09:14.638Z] INFO: Browser pool status {"size":1,"available":1,"borrowed":0,"pending":0}
[2025-06-06T05:09:24.757Z] INFO: Creating browser instance 
[2025-06-06T05:09:24.783Z] INFO: Browser closed 
[2025-06-06T05:09:44.639Z] INFO: Browser pool status {"size":1,"available":1,"borrowed":0,"pending":0}
[2025-06-06T05:10:04.767Z] INFO: Creating browser instance 
[2025-06-06T05:10:04.791Z] INFO: Browser closed 
[2025-06-06T05:10:14.641Z] INFO: Browser pool status {"size":1,"available":1,"borrowed":0,"pending":0}
[2025-06-06T05:10:44.641Z] INFO: Browser pool status {"size":1,"available":1,"borrowed":0,"pending":0}
[2025-06-06T05:10:44.772Z] INFO: Creating browser instance 
[2025-06-06T05:10:44.796Z] INFO: Browser closed 
[2025-06-06T05:11:14.643Z] INFO: Browser pool status {"size":1,"available":1,"borrowed":0,"pending":0}
[2025-06-06T05:11:24.780Z] INFO: Creating browser instance 
[2025-06-06T05:11:24.805Z] INFO: Browser closed 
[2025-06-06T05:11:44.644Z] INFO: Browser pool status {"size":1,"available":1,"borrowed":0,"pending":0}
[2025-06-06T05:12:04.787Z] INFO: Creating browser instance 
[2025-06-06T05:12:04.803Z] INFO: Browser closed 
[2025-06-06T05:12:14.646Z] INFO: Browser pool status {"size":1,"available":1,"borrowed":0,"pending":0}
[2025-06-06T05:12:44.647Z] INFO: Browser pool status {"size":1,"available":1,"borrowed":0,"pending":0}
[2025-06-06T05:12:44.795Z] INFO: Creating browser instance 
[2025-06-06T05:12:44.819Z] INFO: Browser closed 
[2025-06-06T05:13:09.305Z] ERROR: Unhandled error {"error":"Bad control character in string literal in JSON at position 28 (line 2 column 27)","stack":"SyntaxError: Bad control character in string literal in JSON at position 28 (line 2 column 27)\n    at JSON.parse (<anonymous>)\n    at parse (/Users/tanishgupta/Desktop/htmlTOpdf/node_modules/body-parser/lib/types/json.js:92:19)\n    at /Users/tanishgupta/Desktop/htmlTOpdf/node_modules/body-parser/lib/read.js:128:18\n    at AsyncResource.runInAsyncScope (node:async_hooks:211:14)\n    at invokeCallback (/Users/tanishgupta/Desktop/htmlTOpdf/node_modules/raw-body/index.js:238:16)\n    at done (/Users/tanishgupta/Desktop/htmlTOpdf/node_modules/raw-body/index.js:227:7)\n    at IncomingMessage.onEnd (/Users/tanishgupta/Desktop/htmlTOpdf/node_modules/raw-body/index.js:287:7)\n    at IncomingMessage.emit (node:events:507:28)\n    at endReadableNT (node:internal/streams/readable:1696:12)\n    at process.processTicksAndRejections (node:internal/process/task_queues:90:21)"}
[2025-06-06T05:13:14.648Z] INFO: Browser pool status {"size":1,"available":1,"borrowed":0,"pending":0}
[2025-06-06T05:13:24.803Z] INFO: Creating browser instance 
[2025-06-06T05:13:24.832Z] INFO: Browser closed 
[2025-06-06T05:13:44.649Z] INFO: Browser pool status {"size":1,"available":1,"borrowed":0,"pending":0}
[2025-06-06T05:14:04.813Z] INFO: Creating browser instance 
[2025-06-06T05:14:04.836Z] INFO: Browser closed 
[2025-06-06T05:14:14.650Z] INFO: Browser pool status {"size":1,"available":1,"borrowed":0,"pending":0}
[2025-06-06T05:14:44.652Z] INFO: Browser pool status {"size":1,"available":1,"borrowed":0,"pending":0}
[2025-06-06T05:14:44.821Z] INFO: Creating browser instance 
[2025-06-06T05:14:44.849Z] INFO: Browser closed 
[2025-06-06T05:15:14.652Z] INFO: Browser pool status {"size":1,"available":1,"borrowed":0,"pending":0}
[2025-06-06T05:15:24.832Z] INFO: Creating browser instance 
[2025-06-06T05:15:24.857Z] INFO: Browser closed 
[2025-06-06T05:15:44.653Z] INFO: Browser pool status {"size":1,"available":1,"borrowed":0,"pending":0}
[2025-06-06T05:16:04.842Z] INFO: Creating browser instance 
[2025-06-06T05:16:04.869Z] INFO: Browser closed 
[2025-06-06T05:16:14.655Z] INFO: Browser pool status {"size":1,"available":1,"borrowed":0,"pending":0}
[2025-06-06T05:16:44.650Z] INFO: Browser pool status {"size":1,"available":1,"borrowed":0,"pending":0}
[2025-06-06T05:16:44.844Z] INFO: Creating browser instance 
[2025-06-06T05:16:44.870Z] INFO: Browser closed 
[2025-06-06T05:17:14.625Z] INFO: Browser pool status {"size":1,"available":1,"borrowed":0,"pending":0}
[2025-06-06T05:17:24.823Z] INFO: Creating browser instance 
[2025-06-06T05:17:24.846Z] INFO: Browser closed 
[2025-06-06T05:17:44.622Z] INFO: Browser pool status {"size":1,"available":1,"borrowed":0,"pending":0}
[2025-06-06T05:18:04.827Z] INFO: Creating browser instance 
[2025-06-06T05:18:04.852Z] INFO: Browser closed 
[2025-06-06T05:18:14.624Z] INFO: Browser pool status {"size":1,"available":1,"borrowed":0,"pending":0}
[2025-06-06T05:18:44.624Z] INFO: Browser pool status {"size":1,"available":1,"borrowed":0,"pending":0}
[2025-06-06T05:18:44.835Z] INFO: Creating browser instance 
[2025-06-06T05:18:44.865Z] INFO: Browser closed 
[2025-06-06T05:19:14.625Z] INFO: Browser pool status {"size":1,"available":1,"borrowed":0,"pending":0}
[2025-06-06T05:19:24.846Z] INFO: Creating browser instance 
[2025-06-06T05:19:24.870Z] INFO: Browser closed 
[2025-06-06T05:19:44.626Z] INFO: Browser pool status {"size":1,"available":1,"borrowed":0,"pending":0}
[2025-06-06T05:20:04.855Z] INFO: Creating browser instance 
[2025-06-06T05:20:04.879Z] INFO: Browser closed 
[2025-06-06T05:20:14.627Z] INFO: Browser pool status {"size":1,"available":1,"borrowed":0,"pending":0}
[2025-06-06T05:20:44.627Z] INFO: Browser pool status {"size":1,"available":1,"borrowed":0,"pending":0}
[2025-06-06T05:20:44.864Z] INFO: Creating browser instance 
[2025-06-06T05:20:44.889Z] INFO: Browser closed 
[2025-06-06T05:21:14.627Z] INFO: Browser pool status {"size":1,"available":1,"borrowed":0,"pending":0}
[2025-06-06T05:21:24.870Z] INFO: Creating browser instance 
[2025-06-06T05:21:24.897Z] INFO: Browser closed 
[2025-06-06T05:21:44.628Z] INFO: Browser pool status {"size":1,"available":1,"borrowed":0,"pending":0}
[2025-06-06T05:22:04.877Z] INFO: Creating browser instance 
[2025-06-06T05:22:04.900Z] INFO: Browser closed 
[2025-06-06T05:22:14.630Z] INFO: Browser pool status {"size":1,"available":1,"borrowed":0,"pending":0}
[2025-06-06T05:22:44.631Z] INFO: Browser pool status {"size":1,"available":1,"borrowed":0,"pending":0}
[2025-06-06T05:22:44.885Z] INFO: Creating browser instance 
[2025-06-06T05:22:44.910Z] INFO: Browser closed 
[2025-06-06T05:23:14.632Z] INFO: Browser pool status {"size":1,"available":1,"borrowed":0,"pending":0}
[2025-06-06T05:23:24.897Z] INFO: Creating browser instance 
[2025-06-06T05:23:24.922Z] INFO: Browser closed 
[2025-06-06T05:23:44.632Z] INFO: Browser pool status {"size":1,"available":1,"borrowed":0,"pending":0}
[2025-06-06T05:24:04.905Z] INFO: Creating browser instance 
[2025-06-06T05:24:04.932Z] INFO: Browser closed 
[2025-06-06T05:24:14.634Z] INFO: Browser pool status {"size":1,"available":1,"borrowed":0,"pending":0}
[2025-06-06T05:24:44.634Z] INFO: Browser pool status {"size":1,"available":1,"borrowed":0,"pending":0}
[2025-06-06T05:24:44.914Z] INFO: Creating browser instance 
[2025-06-06T05:24:44.935Z] INFO: Browser closed 
[2025-06-06T05:25:14.635Z] INFO: Browser pool status {"size":1,"available":1,"borrowed":0,"pending":0}
[2025-06-06T05:25:24.921Z] INFO: Creating browser instance 
[2025-06-06T05:25:24.945Z] INFO: Browser closed 
[2025-06-06T05:25:44.636Z] INFO: Browser pool status {"size":1,"available":1,"borrowed":0,"pending":0}
[2025-06-06T05:26:04.930Z] INFO: Creating browser instance 
[2025-06-06T05:26:04.955Z] INFO: Browser closed 
[2025-06-06T05:26:14.636Z] INFO: Browser pool status {"size":1,"available":1,"borrowed":0,"pending":0}
[2025-06-06T05:26:44.638Z] INFO: Browser pool status {"size":1,"available":1,"borrowed":0,"pending":0}
[2025-06-06T05:26:44.938Z] INFO: Creating browser instance 
[2025-06-06T05:26:44.963Z] INFO: Browser closed 
[2025-06-06T05:27:14.638Z] INFO: Browser pool status {"size":1,"available":1,"borrowed":0,"pending":0}
[2025-06-06T05:27:24.947Z] INFO: Creating browser instance 
[2025-06-06T05:27:24.975Z] INFO: Browser closed 
[2025-06-06T05:27:33.973Z] INFO: Received SIGINT, shutting down gracefully... 
[2025-06-06T05:27:35.904Z] INFO: Creating browser instance 
[2025-06-06T05:27:35.912Z] INFO: PDF Generator API started on port 3000 
[2025-06-06T05:28:05.911Z] INFO: Browser pool status {"size":1,"available":1,"borrowed":0,"pending":0}
[2025-06-06T05:28:15.912Z] INFO: Creating browser instance 
[2025-06-06T05:28:15.936Z] INFO: Browser closed 
[2025-06-06T05:28:35.911Z] INFO: Browser pool status {"size":1,"available":1,"borrowed":0,"pending":0}
[2025-06-06T05:28:55.919Z] INFO: Creating browser instance 
[2025-06-06T05:28:55.940Z] INFO: Browser closed 
[2025-06-06T05:29:05.912Z] INFO: Browser pool status {"size":1,"available":1,"borrowed":0,"pending":0}
[2025-06-06T05:29:20.612Z] ERROR: PDF generation failed {"error":"data is not defined","timeToError":"0ms"}
[2025-06-06T05:29:35.912Z] INFO: Browser pool status {"size":1,"available":1,"borrowed":0,"pending":0}
[2025-06-06T05:29:35.925Z] INFO: Creating browser instance 
[2025-06-06T05:29:35.940Z] INFO: Browser closed 
[2025-06-06T05:30:05.914Z] INFO: Browser pool status {"size":1,"available":1,"borrowed":0,"pending":0}
[2025-06-06T05:30:09.282Z] INFO: Received SIGINT, shutting down gracefully... 
[2025-06-06T05:30:10.843Z] INFO: Creating browser instance 
[2025-06-06T05:30:10.848Z] INFO: PDF Generator API started on port 3000 
[2025-06-06T05:30:13.738Z] INFO: PDF generated {"totalTime":"111ms","pdfSize":"23KB"}
[2025-06-06T05:30:13.739Z] ERROR: PDF generation failed {"error":"pdfGenTime is not defined","timeToError":"111ms"}
[2025-06-06T05:30:40.836Z] INFO: Browser pool status {"size":1,"available":1,"borrowed":0,"pending":0}
[2025-06-06T05:30:50.839Z] INFO: Creating browser instance 
[2025-06-06T05:31:10.833Z] INFO: Browser pool status {"size":1,"available":1,"borrowed":0,"pending":0}
[2025-06-06T05:33:40.780Z] INFO: Creating browser instance 
[2025-06-06T05:33:40.782Z] INFO: Browser pool status {"size":1,"available":0,"borrowed":0,"pending":0}
[2025-06-06T05:33:40.805Z] INFO: Browser closed 
[2025-06-06T05:33:50.844Z] INFO: Browser closed 
[2025-06-06T05:34:08.643Z] INFO: Received SIGINT, shutting down gracefully... 
[2025-06-06T05:34:09.962Z] INFO: Creating browser instance 
[2025-06-06T05:34:09.966Z] INFO: PDF Generator API started on port 3000 
[2025-06-06T05:34:12.651Z] INFO: PDF generated {"totalTime":"118ms","pdfSize":"23KB"}
[2025-06-06T05:34:12.652Z] INFO: PDF generated successfully {"requestStartTime":"2025-06-06T05:34:12.533Z","requestEndTime":"2025-06-06T05:34:12.652Z","pdfGenerationTime":"119ms","modId":"12345","source":"MERP","htmlSnippet":"<!DOCTYPE html><html><head><style>body{font-family:sans-serif}</style></head><body><h1>Start</h1>..."}
[2025-06-06T05:34:39.965Z] INFO: Browser pool status {"size":1,"available":1,"borrowed":0,"pending":0}
[2025-06-06T05:34:49.970Z] INFO: Creating browser instance 
[2025-06-06T05:34:49.985Z] INFO: Browser closed 
[2025-06-06T05:35:09.966Z] INFO: Browser pool status {"size":1,"available":1,"borrowed":0,"pending":0}
[2025-06-06T05:35:29.980Z] INFO: Creating browser instance 
[2025-06-06T05:35:30.005Z] INFO: Browser closed 
[2025-06-06T05:35:39.967Z] INFO: Browser pool status {"size":1,"available":1,"borrowed":0,"pending":0}
[2025-06-06T05:36:09.968Z] INFO: Browser pool status {"size":1,"available":1,"borrowed":0,"pending":0}
[2025-06-06T05:36:09.990Z] INFO: Creating browser instance 
[2025-06-06T05:36:10.012Z] INFO: Browser closed 
[2025-06-06T05:36:39.969Z] INFO: Browser pool status {"size":1,"available":1,"borrowed":0,"pending":0}
[2025-06-06T05:36:50.000Z] INFO: Creating browser instance 
[2025-06-06T05:36:50.023Z] INFO: Browser closed 
[2025-06-06T05:37:09.970Z] INFO: Browser pool status {"size":1,"available":1,"borrowed":0,"pending":0}
[2025-06-06T05:37:30.011Z] INFO: Creating browser instance 
[2025-06-06T05:37:30.036Z] INFO: Browser closed 
[2025-06-06T05:37:39.970Z] INFO: Browser pool status {"size":1,"available":1,"borrowed":0,"pending":0}
[2025-06-06T05:38:09.972Z] INFO: Browser pool status {"size":1,"available":1,"borrowed":0,"pending":0}
[2025-06-06T05:38:10.020Z] INFO: Creating browser instance 
[2025-06-06T05:38:10.047Z] INFO: Browser closed 
[2025-06-06T05:38:39.974Z] INFO: Browser pool status {"size":1,"available":1,"borrowed":0,"pending":0}
[2025-06-06T05:38:50.029Z] INFO: Creating browser instance 
[2025-06-06T05:38:50.045Z] INFO: Browser closed 
[2025-06-06T05:39:09.973Z] INFO: Browser pool status {"size":1,"available":1,"borrowed":0,"pending":0}
[2025-06-06T05:39:30.036Z] INFO: Creating browser instance 
[2025-06-06T05:39:30.060Z] INFO: Browser closed 
[2025-06-06T05:39:39.973Z] INFO: Browser pool status {"size":1,"available":1,"borrowed":0,"pending":0}
[2025-06-06T05:40:09.973Z] INFO: Browser pool status {"size":1,"available":1,"borrowed":0,"pending":0}
[2025-06-06T05:40:10.047Z] INFO: Creating browser instance 
[2025-06-06T05:40:10.066Z] INFO: Browser closed 
[2025-06-06T05:40:39.974Z] INFO: Browser pool status {"size":1,"available":1,"borrowed":0,"pending":0}
[2025-06-06T05:40:50.052Z] INFO: Creating browser instance 
[2025-06-06T05:40:50.077Z] INFO: Browser closed 
[2025-06-06T05:41:09.974Z] INFO: Browser pool status {"size":1,"available":1,"borrowed":0,"pending":0}
[2025-06-06T05:41:30.062Z] INFO: Creating browser instance 
[2025-06-06T05:41:30.083Z] INFO: Browser closed 
[2025-06-06T05:41:39.975Z] INFO: Browser pool status {"size":1,"available":1,"borrowed":0,"pending":0}
[2025-06-06T05:42:09.976Z] INFO: Browser pool status {"size":1,"available":1,"borrowed":0,"pending":0}
[2025-06-06T05:42:10.067Z] INFO: Creating browser instance 
[2025-06-06T05:42:10.087Z] INFO: Browser closed 
[2025-06-06T05:42:39.977Z] INFO: Browser pool status {"size":1,"available":1,"borrowed":0,"pending":0}
[2025-06-06T05:42:50.071Z] INFO: Creating browser instance 
[2025-06-06T05:42:50.097Z] INFO: Browser closed 
[2025-06-06T05:43:09.977Z] INFO: Browser pool status {"size":1,"available":1,"borrowed":0,"pending":0}
[2025-06-06T05:43:30.074Z] INFO: Creating browser instance 
[2025-06-06T05:43:30.087Z] INFO: Browser closed 
[2025-06-06T05:43:39.978Z] INFO: Browser pool status {"size":1,"available":1,"borrowed":0,"pending":0}
[2025-06-06T05:43:45.349Z] INFO: Received SIGINT, shutting down gracefully... 
[2025-06-06T05:43:48.125Z] INFO: Creating browser instance 
[2025-06-06T05:43:48.133Z] INFO: PDF Generator API started on port 3000 
[2025-06-06T05:43:57.857Z] INFO: PDF generated {"totalTime":"118ms","pdfSize":"23KB"}
[2025-06-06T05:43:57.857Z] INFO: PDF generated successfully {"requestStartTime":"2025-06-06T05:43:57.739Z","requestEndTime":"2025-06-06T05:43:57.857Z","pdfGenerationTime":"118ms","modId":"12345","source":"MERP","htmlSnippet":"<!DOCTYPE html><html><head><style>body{font-family:sans-serif}</style></head><body><h1>Start</h1>..."}
[2025-06-06T05:44:18.131Z] INFO: Browser pool status {"size":1,"available":1,"borrowed":0,"pending":0}
[2025-06-06T05:44:24.564Z] ERROR: Unhandled error {"error":"Bad control character in string literal in JSON at position 28 (line 2 column 27)","stack":"SyntaxError: Bad control character in string literal in JSON at position 28 (line 2 column 27)\n    at JSON.parse (<anonymous>)\n    at parse (/Users/tanishgupta/Desktop/htmlTOpdf/node_modules/body-parser/lib/types/json.js:92:19)\n    at /Users/tanishgupta/Desktop/htmlTOpdf/node_modules/body-parser/lib/read.js:128:18\n    at AsyncResource.runInAsyncScope (node:async_hooks:211:14)\n    at invokeCallback (/Users/tanishgupta/Desktop/htmlTOpdf/node_modules/raw-body/index.js:238:16)\n    at done (/Users/tanishgupta/Desktop/htmlTOpdf/node_modules/raw-body/index.js:227:7)\n    at IncomingMessage.onEnd (/Users/tanishgupta/Desktop/htmlTOpdf/node_modules/raw-body/index.js:287:7)\n    at IncomingMessage.emit (node:events:507:28)\n    at endReadableNT (node:internal/streams/readable:1696:12)\n    at process.processTicksAndRejections (node:internal/process/task_queues:90:21)"}
[2025-06-06T05:44:28.128Z] INFO: Creating browser instance 
[2025-06-06T05:44:28.150Z] INFO: Browser closed 
[2025-06-06T05:44:48.131Z] INFO: Browser pool status {"size":1,"available":1,"borrowed":0,"pending":0}
[2025-06-06T05:44:59.220Z] INFO: Received SIGINT, shutting down gracefully... 
[2025-06-06T05:45:09.143Z] INFO: Creating browser instance 
[2025-06-06T05:45:09.148Z] INFO: PDF Generator API started on port 3000 
[2025-06-06T05:45:11.626Z] INFO: PDF generated {"totalTime":"93ms","pdfSize":"23KB"}
[2025-06-06T05:45:11.626Z] INFO: PDF generated successfully {"requestStartTime":"2025-06-06T05:45:11.533Z","requestEndTime":"2025-06-06T05:45:11.626Z","pdfGenerationTime":"93ms","modId":"12345","source":"MERP","htmlSnippet":"<!DOCTYPE html><html><head><style>body{font-family:sans-serif}</style></head><body><h1>Start</h1>..."}
[2025-06-06T05:45:39.161Z] INFO: Browser pool status {"size":1,"available":1,"borrowed":0,"pending":0}
[2025-06-06T05:45:49.184Z] INFO: Creating browser instance 
[2025-06-06T05:45:49.215Z] INFO: Browser closed 
[2025-06-06T05:46:09.188Z] INFO: Browser pool status {"size":1,"available":1,"borrowed":0,"pending":0}
[2025-06-06T05:46:29.209Z] INFO: Creating browser instance 
[2025-06-06T05:46:29.233Z] INFO: Browser closed 
[2025-06-06T05:46:39.191Z] INFO: Browser pool status {"size":1,"available":1,"borrowed":0,"pending":0}
[2025-06-06T05:47:09.195Z] INFO: Browser pool status {"size":1,"available":1,"borrowed":0,"pending":0}
[2025-06-06T05:47:09.221Z] INFO: Creating browser instance 
[2025-06-06T05:47:09.242Z] INFO: Browser closed 
[2025-06-06T05:47:39.194Z] INFO: Browser pool status {"size":1,"available":1,"borrowed":0,"pending":0}
[2025-06-06T05:47:49.233Z] INFO: Creating browser instance 
[2025-06-06T05:47:49.261Z] INFO: Browser closed 
[2025-06-06T05:48:09.214Z] INFO: Browser pool status {"size":1,"available":1,"borrowed":0,"pending":0}
[2025-06-06T05:48:29.279Z] INFO: Creating browser instance 
[2025-06-06T07:07:11.299Z] INFO: Creating browser instance 
[2025-06-06T07:07:11.309Z] INFO: PDF Generator API started on port 3000 
[2025-06-06T07:07:14.050Z] ERROR: Unhandled error {"error":"Unexpected token '}', ...\"\"empID\": \n}\" is not valid JSON","stack":"SyntaxError: Unexpected token '}', ...\"\"empID\": \n}\" is not valid JSON\n    at JSON.parse (<anonymous>)\n    at parse (/Users/tanishgupta/Desktop/htmlTOpdf/node_modules/body-parser/lib/types/json.js:92:19)\n    at /Users/tanishgupta/Desktop/htmlTOpdf/node_modules/body-parser/lib/read.js:128:18\n    at AsyncResource.runInAsyncScope (node:async_hooks:211:14)\n    at invokeCallback (/Users/tanishgupta/Desktop/htmlTOpdf/node_modules/raw-body/index.js:238:16)\n    at done (/Users/tanishgupta/Desktop/htmlTOpdf/node_modules/raw-body/index.js:227:7)\n    at IncomingMessage.onEnd (/Users/tanishgupta/Desktop/htmlTOpdf/node_modules/raw-body/index.js:287:7)\n    at IncomingMessage.emit (node:events:507:28)\n    at endReadableNT (node:internal/streams/readable:1696:12)\n    at process.processTicksAndRejections (node:internal/process/task_queues:90:21)"}
[2025-06-06T07:07:25.212Z] INFO: PDF generated {"totalTime":"3347ms","pdfSize":"32KB"}
[2025-06-06T07:07:25.212Z] INFO: PDF generated successfully {"requestStartTime":"2025-06-06T07:07:21.865Z","requestEndTime":"2025-06-06T07:07:25.212Z","pdfGenerationTime":"3347ms","modId":"MERP","source":"proposal","htmlSnippet":"PCFET0NUWVBFIGh0bWw+DQo8aHRtbD4NCjxoZWFkPg0KICAgIDxtZXRhIGNoYXJzZXQ9IlVURi04Ij4NCiAgICA8dGl0bGU+QXBw"}
[2025-06-06T07:07:41.308Z] INFO: Browser pool status {"size":1,"available":1,"borrowed":0,"pending":0}
[2025-06-06T07:08:01.312Z] INFO: Creating browser instance 
[2025-06-06T07:08:01.349Z] INFO: Browser closed 
[2025-06-06T07:08:11.308Z] INFO: Browser pool status {"size":1,"available":1,"borrowed":0,"pending":0}
[2025-06-06T07:08:31.241Z] INFO: PDF generated {"totalTime":"3289ms","pdfSize":"33KB"}
[2025-06-06T07:08:31.241Z] INFO: PDF generated successfully {"requestStartTime":"2025-06-06T07:08:27.952Z","requestEndTime":"2025-06-06T07:08:31.241Z","pdfGenerationTime":"3289ms","modId":"MERP","source":"proposal","htmlSnippet":"PCFET0NUWVBFIGh0bWw+CjxodG1sPgo8aGVhZD4KICAgIDxtZXRhIGNoYXJzZXQ9IlVURi04Ij4KICAgIDx0aXRsZT5BcHByb3Zl"}
[2025-06-06T07:08:41.309Z] INFO: Browser pool status {"size":1,"available":1,"borrowed":0,"pending":0}
[2025-06-06T07:09:01.356Z] INFO: Creating browser instance 
[2025-06-06T07:09:01.395Z] INFO: Browser closed 
[2025-06-06T07:09:11.311Z] INFO: Browser pool status {"size":1,"available":1,"borrowed":0,"pending":0}
[2025-06-06T07:09:41.313Z] INFO: Browser pool status {"size":1,"available":1,"borrowed":0,"pending":0}
[2025-06-06T07:09:41.365Z] INFO: Creating browser instance 
[2025-06-06T07:09:41.400Z] INFO: Browser closed 
[2025-06-06T07:10:11.313Z] INFO: Browser pool status {"size":1,"available":1,"borrowed":0,"pending":0}
[2025-06-06T07:10:21.371Z] INFO: Creating browser instance 
[2025-06-06T07:10:21.396Z] INFO: Browser closed 
[2025-06-06T07:10:41.313Z] INFO: Browser pool status {"size":1,"available":1,"borrowed":0,"pending":0}
[2025-06-06T07:11:01.380Z] INFO: Creating browser instance 
[2025-06-06T07:11:01.407Z] INFO: Browser closed 
[2025-06-06T07:11:11.314Z] INFO: Browser pool status {"size":1,"available":1,"borrowed":0,"pending":0}
[2025-06-06T07:11:41.316Z] INFO: Browser pool status {"size":1,"available":1,"borrowed":0,"pending":0}
[2025-06-06T07:11:41.394Z] INFO: Creating browser instance 
[2025-06-06T07:11:41.413Z] INFO: Browser closed 
[2025-06-06T07:12:11.318Z] INFO: Browser pool status {"size":1,"available":1,"borrowed":0,"pending":0}
[2025-06-06T07:12:21.403Z] INFO: Creating browser instance 
[2025-06-06T07:12:21.429Z] INFO: Browser closed 
[2025-06-06T07:12:41.319Z] INFO: Browser pool status {"size":1,"available":1,"borrowed":0,"pending":0}
[2025-06-06T07:13:01.418Z] INFO: Creating browser instance 
[2025-06-06T07:13:01.443Z] INFO: Browser closed 
[2025-06-06T07:13:11.319Z] INFO: Browser pool status {"size":1,"available":1,"borrowed":0,"pending":0}
[2025-06-06T07:13:17.653Z] INFO: Received SIGINT, shutting down gracefully... 
[2025-06-06T07:13:20.755Z] INFO: Creating browser instance 
[2025-06-06T07:13:20.766Z] INFO: PDF Generator API started on port 3000 
[2025-06-06T07:13:45.786Z] INFO: PDF generated {"totalTime":"115ms","pdfSize":"35KB"}
[2025-06-06T07:13:45.786Z] INFO: PDF generated successfully {"requestStartTime":"2025-06-06T07:13:45.670Z","requestEndTime":"2025-06-06T07:13:45.786Z","pdfGenerationTime":"116ms","modId":"test123","source":"postman","empId":"11181","pdfSize":"35KB","htmlSnippet":"<!DOCTYPE html>\n<html>\n<head>\n    <meta charset=\"UTF-8\">\n    <title>Test PDF Template</title>\n    <s"}
[2025-06-06T07:13:50.763Z] INFO: Browser pool status {"size":1,"available":1,"borrowed":0,"pending":0}
[2025-06-06T07:14:11.762Z] INFO: PDF generated {"totalTime":"130ms","pdfSize":"255KB"}
[2025-06-06T07:14:11.763Z] INFO: PDF generated successfully {"requestStartTime":"2025-06-06T07:14:11.631Z","requestEndTime":"2025-06-06T07:14:11.763Z","pdfGenerationTime":"132ms","modId":"test123","source":"postman","empId":"11181","pdfSize":"255KB","htmlSnippet":"<!DOCTYPE html>\n<html>\n<head>\n    <meta charset=\"UTF-8\">\n    <title>Approved Proposal</title>\n    <s"}
[2025-06-06T07:14:20.764Z] INFO: Browser pool status {"size":1,"available":1,"borrowed":0,"pending":0}
[2025-06-06T07:17:21.217Z] INFO: Creating browser instance 
[2025-06-06T07:17:21.229Z] INFO: Browser pool status {"size":1,"available":0,"borrowed":0,"pending":0}
[2025-06-06T07:17:51.224Z] INFO: Browser pool status {"size":1,"available":1,"borrowed":0,"pending":0}
[2025-06-06T07:18:01.229Z] INFO: Creating browser instance 
[2025-06-06T07:18:01.266Z] INFO: Browser closed 
[2025-06-06T07:18:21.225Z] INFO: Browser pool status {"size":1,"available":1,"borrowed":0,"pending":0}
[2025-06-06T07:18:41.243Z] INFO: Creating browser instance 
[2025-06-06T07:18:41.308Z] INFO: Browser closed 
[2025-06-06T07:18:51.224Z] INFO: Browser pool status {"size":1,"available":1,"borrowed":0,"pending":0}
[2025-06-06T07:19:21.227Z] INFO: Browser pool status {"size":1,"available":1,"borrowed":0,"pending":0}
[2025-06-06T07:19:21.259Z] INFO: Creating browser instance 
[2025-06-06T07:19:21.279Z] INFO: Browser closed 
[2025-06-06T07:19:51.228Z] INFO: Browser pool status {"size":1,"available":1,"borrowed":0,"pending":0}
[2025-06-06T07:20:01.270Z] INFO: Creating browser instance 
[2025-06-06T07:20:01.296Z] INFO: Browser closed 
[2025-06-06T07:20:21.219Z] INFO: Browser closed 
[2025-06-06T07:20:21.227Z] INFO: Browser pool status {"size":1,"available":1,"borrowed":0,"pending":0}
[2025-06-06T07:20:41.281Z] INFO: Creating browser instance 
[2025-06-06T07:20:41.309Z] INFO: Browser closed 
[2025-06-06T07:20:51.229Z] INFO: Browser pool status {"size":1,"available":1,"borrowed":0,"pending":0}
[2025-06-06T07:21:21.230Z] INFO: Browser pool status {"size":1,"available":1,"borrowed":0,"pending":0}
[2025-06-06T07:21:21.289Z] INFO: Creating browser instance 
[2025-06-06T07:21:21.309Z] INFO: Browser closed 
[2025-06-06T07:21:51.231Z] INFO: Browser pool status {"size":1,"available":1,"borrowed":0,"pending":0}
[2025-06-06T07:21:53.370Z] INFO: PDF generated {"totalTime":"179ms","pdfSize":"255KB"}
[2025-06-06T07:21:53.370Z] INFO: PDF generated successfully {"requestStartTime":"2025-06-06T07:21:53.190Z","requestEndTime":"2025-06-06T07:21:53.370Z","pdfGenerationTime":"180ms","modId":"test123","source":"postman","empId":"11181","pdfSize":"255KB","htmlSnippet":"<!DOCTYPE html>\n<html>\n<head>\n    <meta charset=\"UTF-8\">\n    <title>Approved Proposal</title>\n    <s"}
[2025-06-06T07:22:21.232Z] INFO: Browser pool status {"size":1,"available":1,"borrowed":0,"pending":0}
[2025-06-06T07:22:31.301Z] INFO: Creating browser instance 
[2025-06-06T07:22:31.327Z] INFO: Browser closed 
[2025-06-06T07:22:51.232Z] INFO: Browser pool status {"size":1,"available":1,"borrowed":0,"pending":0}
[2025-06-06T07:23:11.313Z] INFO: Creating browser instance 
[2025-06-06T07:23:11.342Z] INFO: Browser closed 
[2025-06-06T07:23:21.232Z] INFO: Browser pool status {"size":1,"available":1,"borrowed":0,"pending":0}
[2025-06-06T07:23:38.779Z] INFO: PDF generated {"totalTime":"125ms","pdfSize":"255KB"}
[2025-06-06T07:23:38.779Z] INFO: PDF generated successfully {"requestStartTime":"2025-06-06T07:23:38.653Z","requestEndTime":"2025-06-06T07:23:38.779Z","pdfGenerationTime":"126ms","modId":"test123","source":"postman","empId":"11181","pdfSize":"255KB","htmlSnippet":"<!DOCTYPE html>\n<html>\n<head>\n    <meta charset=\"UTF-8\">\n    <title>Approved Proposal</title>\n    <s"}
[2025-06-06T07:23:51.234Z] INFO: Browser pool status {"size":1,"available":1,"borrowed":0,"pending":0}
[2025-06-06T07:24:11.331Z] INFO: Creating browser instance 
[2025-06-06T07:24:11.358Z] INFO: Browser closed 
[2025-06-06T07:24:21.236Z] INFO: Browser pool status {"size":1,"available":1,"borrowed":0,"pending":0}
[2025-06-06T07:24:51.236Z] INFO: Browser pool status {"size":1,"available":1,"borrowed":0,"pending":0}
[2025-06-06T07:24:51.337Z] INFO: Creating browser instance 
[2025-06-06T07:24:51.351Z] INFO: Browser closed 
[2025-06-06T07:25:21.237Z] INFO: Browser pool status {"size":1,"available":1,"borrowed":0,"pending":0}
[2025-06-06T07:25:31.346Z] INFO: Creating browser instance 
[2025-06-06T07:25:31.374Z] INFO: Browser closed 
[2025-06-06T07:25:51.239Z] INFO: Browser pool status {"size":1,"available":1,"borrowed":0,"pending":0}
[2025-06-06T07:26:11.358Z] INFO: Creating browser instance 
[2025-06-06T07:26:11.385Z] INFO: Browser closed 
[2025-06-06T07:26:21.240Z] INFO: Browser pool status {"size":1,"available":1,"borrowed":0,"pending":0}
[2025-06-06T07:26:51.242Z] INFO: Browser pool status {"size":1,"available":1,"borrowed":0,"pending":0}
[2025-06-06T07:26:51.367Z] INFO: Creating browser instance 
[2025-06-06T07:26:51.395Z] INFO: Browser closed 
[2025-06-06T07:27:21.243Z] INFO: Browser pool status {"size":1,"available":1,"borrowed":0,"pending":0}
[2025-06-06T07:27:31.375Z] INFO: Creating browser instance 
[2025-06-06T07:27:31.404Z] INFO: Browser closed 
[2025-06-06T07:27:51.246Z] INFO: Browser pool status {"size":1,"available":1,"borrowed":0,"pending":0}
[2025-06-06T07:28:11.389Z] INFO: Creating browser instance 
[2025-06-06T07:28:11.416Z] INFO: Browser closed 
[2025-06-06T07:28:21.243Z] INFO: Browser pool status {"size":1,"available":1,"borrowed":0,"pending":0}
[2025-06-06T07:28:51.244Z] INFO: Browser pool status {"size":1,"available":1,"borrowed":0,"pending":0}
[2025-06-06T07:28:51.399Z] INFO: Creating browser instance 
[2025-06-06T07:28:51.424Z] INFO: Browser closed 
[2025-06-06T07:29:21.247Z] INFO: Browser pool status {"size":1,"available":1,"borrowed":0,"pending":0}
[2025-06-06T07:29:31.408Z] INFO: Creating browser instance 
[2025-06-06T07:29:31.441Z] INFO: Browser closed 
[2025-06-06T07:29:51.240Z] INFO: Browser pool status {"size":1,"available":1,"borrowed":0,"pending":0}
[2025-06-06T07:30:11.407Z] INFO: Creating browser instance 
[2025-06-06T07:30:11.427Z] INFO: Browser closed 
[2025-06-06T07:30:21.235Z] INFO: Browser pool status {"size":1,"available":1,"borrowed":0,"pending":0}
[2025-06-06T07:30:51.240Z] INFO: Browser pool status {"size":1,"available":1,"borrowed":0,"pending":0}
[2025-06-06T07:30:51.423Z] INFO: Creating browser instance 
[2025-06-06T07:30:51.696Z] INFO: Browser closed 
[2025-06-06T07:31:21.237Z] INFO: Browser pool status {"size":1,"available":1,"borrowed":0,"pending":0}
[2025-06-06T07:31:31.439Z] INFO: Creating browser instance 
[2025-06-06T07:31:31.473Z] INFO: Browser closed 
[2025-06-06T07:31:51.239Z] INFO: Browser pool status {"size":1,"available":1,"borrowed":0,"pending":0}
[2025-06-06T07:32:11.457Z] INFO: Creating browser instance 
[2025-06-06T07:32:11.488Z] INFO: Browser closed 
[2025-06-06T07:32:21.240Z] INFO: Browser pool status {"size":1,"available":1,"borrowed":0,"pending":0}
[2025-06-06T07:32:51.240Z] INFO: Browser pool status {"size":1,"available":1,"borrowed":0,"pending":0}
[2025-06-06T07:32:51.467Z] INFO: Creating browser instance 
[2025-06-06T07:32:51.491Z] INFO: Browser closed 
[2025-06-06T07:33:21.240Z] INFO: Browser pool status {"size":1,"available":1,"borrowed":0,"pending":0}
[2025-06-06T07:33:31.480Z] INFO: Creating browser instance 
[2025-06-06T07:33:31.498Z] INFO: Browser closed 
[2025-06-06T07:33:50.299Z] INFO: Received SIGINT, shutting down gracefully... 
[2025-06-06T07:33:54.746Z] INFO: Creating browser instance 
[2025-06-06T07:33:54.756Z] INFO: PDF Generator API started on port 3000 
[2025-06-06T07:34:01.768Z] INFO: PDF generated {"totalTime":"172ms","pdfSize":"255KB"}
[2025-06-06T07:34:01.768Z] INFO: Sample PDF generated successfully {"generationTime":"172ms","pdfSize":"255KB"}
[2025-06-06T07:34:13.623Z] INFO: PDF generated {"totalTime":"199ms","pdfSize":"255KB"}
[2025-06-06T07:34:13.624Z] INFO: PDF generated successfully {"requestStartTime":"2025-06-06T07:34:13.423Z","requestEndTime":"2025-06-06T07:34:13.624Z","pdfGenerationTime":"201ms","modId":"test123","source":"postman","empId":"11181","pdfSize":"255KB","htmlSnippet":"<!DOCTYPE html>\n<html>\n<head>\n    <meta charset=\"UTF-8\">\n    <title>Approved Proposal</title>\n    <s"}
[2025-06-06T07:34:22.322Z] INFO: PDF generated {"totalTime":"112ms","pdfSize":"255KB"}
[2025-06-06T07:34:22.323Z] INFO: PDF generated successfully {"requestStartTime":"2025-06-06T07:34:22.210Z","requestEndTime":"2025-06-06T07:34:22.323Z","pdfGenerationTime":"113ms","modId":"test123","source":"postman","empId":"11181","pdfSize":"255KB","htmlSnippet":"<!DOCTYPE html>\n<html>\n<head>\n    <meta charset=\"UTF-8\">\n    <title>Approved Proposal</title>\n    <s"}
[2025-06-06T07:34:24.753Z] INFO: Browser pool status {"size":1,"available":1,"borrowed":0,"pending":0}
[2025-06-06T07:34:54.754Z] INFO: Browser pool status {"size":1,"available":1,"borrowed":0,"pending":0}
[2025-06-06T07:34:54.756Z] INFO: Creating browser instance 
[2025-06-06T07:34:54.802Z] INFO: Browser closed 
[2025-06-06T07:35:24.755Z] INFO: Browser pool status {"size":1,"available":1,"borrowed":0,"pending":0}
[2025-06-06T07:35:34.763Z] INFO: Creating browser instance 
[2025-06-06T07:35:34.779Z] INFO: Browser closed 
[2025-06-06T07:35:54.754Z] INFO: Browser pool status {"size":1,"available":1,"borrowed":0,"pending":0}
[2025-06-06T07:36:14.779Z] INFO: Creating browser instance 
[2025-06-06T07:36:14.814Z] INFO: Browser closed 
[2025-06-06T07:36:24.754Z] INFO: Browser pool status {"size":1,"available":1,"borrowed":0,"pending":0}
[2025-06-06T07:52:58.800Z] INFO: Creating browser instance 
[2025-06-06T07:52:58.805Z] INFO: Browser pool status {"size":1,"available":0,"borrowed":0,"pending":0}
[2025-06-06T08:04:42.295Z] INFO: Creating browser instance 
[2025-06-06T08:04:42.313Z] INFO: Browser pool status {"size":1,"available":0,"borrowed":0,"pending":0}
[2025-06-06T08:04:42.349Z] INFO: Browser closed 
[2025-06-06T08:04:42.438Z] INFO: Browser closed 
[2025-06-06T08:05:12.320Z] INFO: Browser pool status {"size":1,"available":1,"borrowed":0,"pending":0}
[2025-06-06T08:05:22.337Z] INFO: Creating browser instance 
[2025-06-06T08:05:22.414Z] INFO: Browser closed 
[2025-06-06T08:05:42.305Z] INFO: Browser pool status {"size":1,"available":1,"borrowed":0,"pending":0}
[2025-06-06T08:06:02.330Z] INFO: Creating browser instance 
[2025-06-06T08:06:02.358Z] INFO: Browser closed 
[2025-06-06T08:06:12.301Z] INFO: Browser pool status {"size":1,"available":1,"borrowed":0,"pending":0}
[2025-06-06T08:06:42.302Z] INFO: Browser pool status {"size":1,"available":1,"borrowed":0,"pending":0}
[2025-06-06T08:06:42.339Z] INFO: Creating browser instance 
[2025-06-06T08:06:42.364Z] INFO: Browser closed 
[2025-06-06T08:07:12.301Z] INFO: Browser pool status {"size":1,"available":1,"borrowed":0,"pending":0}
[2025-06-06T08:07:22.348Z] INFO: Creating browser instance 
[2025-06-06T08:07:22.377Z] INFO: Browser closed 
[2025-06-06T08:07:42.301Z] INFO: Browser pool status {"size":1,"available":1,"borrowed":0,"pending":0}
[2025-06-06T08:08:02.357Z] INFO: Creating browser instance 
[2025-06-06T08:08:02.380Z] INFO: Browser closed 
[2025-06-06T08:08:12.302Z] INFO: Browser pool status {"size":1,"available":1,"borrowed":0,"pending":0}
[2025-06-06T08:11:04.668Z] INFO: Creating browser instance 
[2025-06-06T08:11:04.732Z] INFO: Browser pool status {"size":1,"available":0,"borrowed":0,"pending":0}
[2025-06-06T08:11:34.732Z] INFO: Browser pool status {"size":1,"available":1,"borrowed":0,"pending":0}
[2025-06-06T08:11:44.732Z] INFO: Creating browser instance 
[2025-06-06T08:11:44.760Z] INFO: Browser closed 
[2025-06-06T08:12:04.734Z] INFO: Browser pool status {"size":1,"available":1,"borrowed":0,"pending":0}
[2025-06-06T08:12:24.741Z] INFO: Creating browser instance 
[2025-06-06T08:12:24.819Z] INFO: Browser closed 
[2025-06-06T08:12:34.735Z] INFO: Browser pool status {"size":1,"available":1,"borrowed":0,"pending":0}
[2025-06-06T08:13:04.736Z] INFO: Browser pool status {"size":1,"available":1,"borrowed":0,"pending":0}
[2025-06-06T08:13:04.746Z] INFO: Creating browser instance 
[2025-06-06T08:13:04.762Z] INFO: Browser closed 
[2025-06-06T08:13:34.739Z] INFO: Browser pool status {"size":1,"available":1,"borrowed":0,"pending":0}
[2025-06-06T08:13:44.752Z] INFO: Creating browser instance 
[2025-06-06T08:13:44.771Z] INFO: Browser closed 
[2025-06-06T08:13:50.935Z] INFO: Received SIGINT, shutting down gracefully... 
[2025-06-06T08:13:52.501Z] INFO: PDF Generator API started on port 3000 
[2025-06-06T08:13:55.974Z] ERROR: PDF generation failed {"error":"browserPool is not defined","timeToError":"0ms","stack":"ReferenceError: browserPool is not defined\n    at generatePDF (/Users/tanishgupta/Desktop/htmlTOpdf/pdf-generator.js:65:5)\n    at /Users/tanishgupta/Desktop/htmlTOpdf/server.js:787:29\n    at Layer.handle [as handle_request] (/Users/tanishgupta/Desktop/htmlTOpdf/node_modules/express/lib/router/layer.js:95:5)\n    at next (/Users/tanishgupta/Desktop/htmlTOpdf/node_modules/express/lib/router/route.js:149:13)\n    at Route.dispatch (/Users/tanishgupta/Desktop/htmlTOpdf/node_modules/express/lib/router/route.js:119:3)\n    at Layer.handle [as handle_request] (/Users/tanishgupta/Desktop/htmlTOpdf/node_modules/express/lib/router/layer.js:95:5)\n    at /Users/tanishgupta/Desktop/htmlTOpdf/node_modules/express/lib/router/index.js:284:15\n    at Function.process_params (/Users/tanishgupta/Desktop/htmlTOpdf/node_modules/express/lib/router/index.js:346:12)\n    at next (/Users/tanishgupta/Desktop/htmlTOpdf/node_modules/express/lib/router/index.js:280:10)\n    at /Users/tanishgupta/Desktop/htmlTOpdf/server.js:23:3"}
[2025-06-06T08:13:55.975Z] ERROR: PDF generation failed {"error":"browserPool is not defined","timeToError":"2ms"}
[2025-06-06T08:14:41.807Z] INFO: Creating browser instance 
[2025-06-06T08:14:41.819Z] INFO: PDF Generator API started on port 3000 
[2025-06-06T08:14:44.534Z] INFO: PDF generated {"totalTime":"176ms","pdfSize":"255KB"}
[2025-06-06T08:14:44.535Z] INFO: PDF generated successfully {"requestStartTime":"2025-06-06T08:14:44.358Z","requestEndTime":"2025-06-06T08:14:44.535Z","pdfGenerationTime":"177ms","modId":"test123","source":"postman","empId":"11181","pdfSize":"255KB","htmlSnippet":"<!DOCTYPE html>\n<html>\n<head>\n    <meta charset=\"UTF-8\">\n    <title>Approved Proposal</title>\n    <s"}
[2025-06-06T08:15:01.680Z] INFO: PDF generated {"totalTime":"407ms","pdfSize":"255KB"}
[2025-06-06T08:15:01.681Z] INFO: Sample PDF generated successfully {"generationTime":"408ms","pdfSize":"255KB"}
[2025-06-06T08:15:11.816Z] INFO: Browser pool status {"size":1,"available":1,"borrowed":0,"pending":0}
[2025-06-06T08:15:25.786Z] INFO: PDF generated {"totalTime":"103ms","pdfSize":"255KB"}
[2025-06-06T08:15:25.787Z] INFO: Sample PDF generated successfully {"generationTime":"104ms","pdfSize":"255KB"}
[2025-06-06T08:15:41.839Z] INFO: Browser pool status {"size":1,"available":1,"borrowed":0,"pending":0}
[2025-06-06T08:16:01.870Z] INFO: Creating browser instance 
[2025-06-06T08:16:02.043Z] INFO: Browser closed 
[2025-06-06T08:16:05.379Z] INFO: Received SIGINT, shutting down gracefully... 
[2025-06-06T08:21:50.480Z] INFO: Creating browser instance 
[2025-06-06T08:21:50.490Z] INFO: PDF Generator API started on port 3000 
[2025-06-06T08:22:02.268Z] INFO: PDF generated {"totalTime":"266ms","pdfSize":"255KB"}
[2025-06-06T08:22:02.269Z] INFO: Sample PDF generated successfully {"generationTime":"267ms","pdfSize":"255KB"}
[2025-06-06T08:22:20.490Z] INFO: Browser pool status {"size":1,"available":1,"borrowed":0,"pending":0}
[2025-06-06T08:22:25.334Z] INFO: PDF generated {"totalTime":"440ms","pdfSize":"255KB"}
[2025-06-06T08:22:25.334Z] INFO: Sample PDF generated successfully {"generationTime":"440ms","pdfSize":"255KB"}
[2025-06-06T08:22:36.498Z] INFO: PDF generated {"totalTime":"103ms","pdfSize":"255KB"}
[2025-06-06T08:22:36.498Z] INFO: Sample PDF generated successfully {"generationTime":"103ms","pdfSize":"255KB"}
[2025-06-06T08:22:43.209Z] INFO: PDF generated {"totalTime":"109ms","pdfSize":"255KB"}
[2025-06-06T08:22:43.212Z] INFO: PDF generated successfully {"requestStartTime":"2025-06-06T08:22:43.098Z","requestEndTime":"2025-06-06T08:22:43.212Z","pdfGenerationTime":"114ms","modId":"test123","source":"postman","empId":"11181","pdfSize":"255KB","htmlSnippet":"<!DOCTYPE html>\n<html>\n<head>\n    <meta charset=\"UTF-8\">\n    <title>Approved Proposal</title>\n    <s"}
[2025-06-06T08:22:50.489Z] INFO: Browser pool status {"size":1,"available":1,"borrowed":0,"pending":0}
[2025-06-06T08:22:50.879Z] INFO: PDF generated {"totalTime":"124ms","pdfSize":"255KB"}
[2025-06-06T08:22:50.879Z] INFO: PDF generated successfully {"requestStartTime":"2025-06-06T08:22:50.755Z","requestEndTime":"2025-06-06T08:22:50.879Z","pdfGenerationTime":"124ms","modId":"test123","source":"postman","empId":"11181","pdfSize":"255KB","htmlSnippet":"<!DOCTYPE html>\n<html>\n<head>\n    <meta charset=\"UTF-8\">\n    <title>Approved Proposal</title>\n    <s"}
[2025-06-06T08:22:54.730Z] INFO: PDF generated {"totalTime":"116ms","pdfSize":"255KB"}
[2025-06-06T08:22:54.730Z] INFO: PDF generated successfully {"requestStartTime":"2025-06-06T08:22:54.614Z","requestEndTime":"2025-06-06T08:22:54.730Z","pdfGenerationTime":"116ms","modId":"test123","source":"postman","empId":"11181","pdfSize":"255KB","htmlSnippet":"<!DOCTYPE html>\n<html>\n<head>\n    <meta charset=\"UTF-8\">\n    <title>Approved Proposal</title>\n    <s"}
[2025-06-06T08:22:57.807Z] INFO: PDF generated {"totalTime":"109ms","pdfSize":"255KB"}
[2025-06-06T08:22:57.807Z] INFO: PDF generated successfully {"requestStartTime":"2025-06-06T08:22:57.698Z","requestEndTime":"2025-06-06T08:22:57.807Z","pdfGenerationTime":"109ms","modId":"test123","source":"postman","empId":"11181","pdfSize":"255KB","htmlSnippet":"<!DOCTYPE html>\n<html>\n<head>\n    <meta charset=\"UTF-8\">\n    <title>Approved Proposal</title>\n    <s"}
[2025-06-06T08:23:20.491Z] INFO: Browser pool status {"size":1,"available":1,"borrowed":0,"pending":0}
[2025-06-06T08:23:30.509Z] INFO: Creating browser instance 
[2025-06-06T08:23:30.572Z] INFO: Browser closed 
[2025-06-06T08:23:50.491Z] INFO: Browser pool status {"size":1,"available":1,"borrowed":0,"pending":0}
[2025-06-06T08:23:55.592Z] INFO: Received SIGINT, shutting down gracefully... 
